<?xml version="1.0" encoding="UTF-8"?>
<!-- Generated by org.testng.reporters.JUnitReportReporter -->
<testsuite hostname="DESKTOP-GR5FLOG" failures="0" tests="2" name="pom.demowebpage.dataprovider" time="0.016" errors="0" timestamp="2024-01-07T07:13:00 IST" skipped="0">
  <testcase classname="pom.demowebpage.dataprovider" name="run" time="0.012"/>
  <system-out/>
  <testcase classname="pom.demowebpage.dataprovider" name="run" time="0.004"/>
  <system-out/>
</testsuite> <!-- pom.demowebpage.dataprovider -->
