<?xml version="1.0" encoding="UTF-8"?>
<!-- Generated by org.testng.reporters.JUnitReportReporter -->
<testsuite hostname="DESKTOP-GR5FLOG" failures="0" tests="3" name="pom.demowebpage.practice1" time="68.876" errors="0" timestamp="2024-01-07T13:03:32 IST" skipped="0">
  <testcase classname="pom.demowebpage.practice1" name="test" time="23.059"/>
  <system-out/>
  <testcase classname="pom.demowebpage.practice1" name="test" time="23.468"/>
  <system-out/>
  <testcase classname="pom.demowebpage.practice1" name="test" time="22.349"/>
  <system-out/>
</testsuite> <!-- pom.demowebpage.practice1 -->
